[Server(21156) .config/] onInitialize
[Server(21156) .config/] Number of style sheets - 100
[Server(21156) .config/] setupInitialStylemap
[Server(21156) .config/] Document opened: waybar-colors.css.
[Server(21156) .config/] Document changed: waybar-colors.css. Invalidating Cache.
[Server(21156) .config/] Document opened: central_control.css.
[Server(21156) .config/] Document changed: central_control.css. Invalidating Cache.
[Server(21156) .config/] Document changed: central_control.css. Invalidating Cache.
[Server(21156) .config/] Document changed: central_control.css. Invalidating Cache.
[Server(21156) .config/] Document changed: central_control.css. Invalidating Cache.
[Server(21156) .config/] Document opened: notifications.css.
[Server(21156) .config/] Document changed: notifications.css. Invalidating Cache.
[Server(21156) .config/] Document changed: notifications.css. Invalidating Cache.
[Server(21156) .config/] Document changed: central_control.css. Invalidating Cache.
[Server(21156) .config/] Document changed: central_control.css. Invalidating Cache.
[Server(21156) .config/] Document changed: central_control.css. Invalidating Cache.
[Server(21156) .config/] Document changed: central_control.css. Invalidating Cache.
[Server(21156) .config/] Document changed: central_control.css. Invalidating Cache.
[Server(21156) .config/] Document changed: central_control.css. Invalidating Cache.
[Server(21156) .config/] Document changed: notifications.css. Invalidating Cache.
[Server(21156) .config/] Document changed: notifications.css. Invalidating Cache.
