2025-07-11 16:25:29.983 [info] [main] Log level: Info
2025-07-11 16:25:29.983 [info] [main] Validating found git in: "git"
2025-07-11 16:25:29.983 [info] [main] Using git "2.50.1" from "git"
2025-07-11 16:25:29.983 [info] [Model][doInitialScan] Initial repository scan started
2025-07-11 16:25:29.983 [info] > git rev-parse --show-toplevel [71ms]
2025-07-11 16:25:29.983 [info] fatal: not a git repository (or any of the parent directories): .git
2025-07-11 16:25:29.983 [info] > git rev-parse --show-toplevel [22ms]
2025-07-11 16:25:29.983 [info] fatal: not a git repository (or any of the parent directories): .git
2025-07-11 16:25:29.984 [info] > git rev-parse --show-toplevel [37ms]
2025-07-11 16:25:29.984 [info] fatal: not a git repository (or any of the parent directories): .git
2025-07-11 16:25:29.992 [info] > git rev-parse --show-toplevel [2ms]
2025-07-11 16:25:29.992 [info] fatal: not a git repository (or any of the parent directories): .git
2025-07-11 16:25:30.035 [info] > git rev-parse --show-toplevel [20ms]
2025-07-11 16:25:30.035 [info] fatal: not a git repository (or any of the parent directories): .git
2025-07-11 16:25:30.041 [info] > git rev-parse --show-toplevel [1ms]
2025-07-11 16:25:30.041 [info] fatal: not a git repository (or any of the parent directories): .git
2025-07-11 16:25:30.048 [info] > git rev-parse --show-toplevel [2ms]
2025-07-11 16:25:30.048 [info] fatal: not a git repository (or any of the parent directories): .git
2025-07-11 16:25:30.054 [info] > git rev-parse --show-toplevel [1ms]
2025-07-11 16:25:30.055 [info] fatal: not a git repository (or any of the parent directories): .git
2025-07-11 16:25:30.061 [info] > git rev-parse --show-toplevel [1ms]
2025-07-11 16:25:30.062 [info] fatal: not a git repository (or any of the parent directories): .git
2025-07-11 16:25:30.067 [info] > git rev-parse --show-toplevel [1ms]
2025-07-11 16:25:30.067 [info] fatal: not a git repository (or any of the parent directories): .git
2025-07-11 16:25:30.074 [info] > git rev-parse --show-toplevel [2ms]
2025-07-11 16:25:30.074 [info] fatal: not a git repository (or any of the parent directories): .git
2025-07-11 16:25:30.079 [info] > git rev-parse --show-toplevel [1ms]
2025-07-11 16:25:30.079 [info] fatal: not a git repository (or any of the parent directories): .git
2025-07-11 16:25:30.084 [info] > git rev-parse --show-toplevel [1ms]
2025-07-11 16:25:30.084 [info] fatal: not a git repository (or any of the parent directories): .git
2025-07-11 16:25:30.089 [info] > git rev-parse --show-toplevel [0ms]
2025-07-11 16:25:30.089 [info] fatal: not a git repository (or any of the parent directories): .git
2025-07-11 16:25:30.094 [info] > git rev-parse --show-toplevel [1ms]
2025-07-11 16:25:30.094 [info] fatal: not a git repository (or any of the parent directories): .git
2025-07-11 16:25:30.098 [info] > git rev-parse --show-toplevel [1ms]
2025-07-11 16:25:30.098 [info] fatal: not a git repository (or any of the parent directories): .git
2025-07-11 16:25:30.103 [info] > git rev-parse --show-toplevel [1ms]
2025-07-11 16:25:30.103 [info] fatal: not a git repository (or any of the parent directories): .git
2025-07-11 16:25:30.109 [info] > git rev-parse --show-toplevel [1ms]
2025-07-11 16:25:30.109 [info] fatal: not a git repository (or any of the parent directories): .git
2025-07-11 16:25:30.114 [info] > git rev-parse --show-toplevel [0ms]
2025-07-11 16:25:30.114 [info] fatal: not a git repository (or any of the parent directories): .git
2025-07-11 16:25:30.118 [info] > git rev-parse --show-toplevel [1ms]
2025-07-11 16:25:30.118 [info] fatal: not a git repository (or any of the parent directories): .git
2025-07-11 16:25:30.122 [info] > git rev-parse --show-toplevel [0ms]
2025-07-11 16:25:30.122 [info] fatal: not a git repository (or any of the parent directories): .git
2025-07-11 16:25:30.128 [info] > git rev-parse --show-toplevel [1ms]
2025-07-11 16:25:30.128 [info] fatal: not a git repository (or any of the parent directories): .git
2025-07-11 16:25:30.132 [info] > git rev-parse --show-toplevel [1ms]
2025-07-11 16:25:30.133 [info] fatal: not a git repository (or any of the parent directories): .git
2025-07-11 16:25:30.171 [info] > git rev-parse --show-toplevel [34ms]
2025-07-11 16:25:30.171 [info] fatal: not a git repository (or any of the parent directories): .git
2025-07-11 16:25:30.178 [info] > git rev-parse --show-toplevel [3ms]
2025-07-11 16:25:30.178 [info] fatal: not a git repository (or any of the parent directories): .git
2025-07-11 16:25:30.183 [info] > git rev-parse --show-toplevel [1ms]
2025-07-11 16:25:30.183 [info] fatal: not a git repository (or any of the parent directories): .git
2025-07-11 16:25:30.188 [info] > git rev-parse --show-toplevel [1ms]
2025-07-11 16:25:30.188 [info] fatal: not a git repository (or any of the parent directories): .git
2025-07-11 16:25:30.193 [info] > git rev-parse --show-toplevel [0ms]
2025-07-11 16:25:30.193 [info] fatal: not a git repository (or any of the parent directories): .git
2025-07-11 16:25:30.198 [info] > git rev-parse --show-toplevel [1ms]
2025-07-11 16:25:30.198 [info] fatal: not a git repository (or any of the parent directories): .git
2025-07-11 16:25:30.199 [info] [Model][doInitialScan] Initial repository scan completed - repositories (0), closed repositories (0), parent repositories (0), unsafe repositories (0)
2025-07-11 16:25:31.412 [info] > git rev-parse --show-toplevel [1ms]
2025-07-11 16:25:31.412 [info] fatal: not a git repository (or any of the parent directories): .git
