2025-07-10 15:29:52.802 [info] [main] Log level: Info
2025-07-10 15:29:52.802 [info] [main] Validating found git in: "git"
2025-07-10 15:29:52.802 [info] [main] Using git "2.50.1" from "git"
2025-07-10 15:29:52.802 [info] [Model][doInitialScan] Initial repository scan started
2025-07-10 15:29:52.802 [info] > git rev-parse --show-toplevel [38ms]
2025-07-10 15:29:52.802 [info] fatal: not a git repository (or any of the parent directories): .git
2025-07-10 15:29:52.802 [info] > git rev-parse --show-toplevel [31ms]
2025-07-10 15:29:52.802 [info] fatal: not a git repository (or any of the parent directories): .git
2025-07-10 15:29:52.803 [info] > git rev-parse --show-toplevel [110ms]
2025-07-10 15:29:52.803 [info] fatal: not a git repository (or any of the parent directories): .git
2025-07-10 15:29:52.834 [info] > git rev-parse --show-toplevel [2ms]
2025-07-10 15:29:52.834 [info] fatal: not a git repository (or any of the parent directories): .git
2025-07-10 15:29:52.868 [info] > git rev-parse --show-toplevel [29ms]
2025-07-10 15:29:52.868 [info] fatal: not a git repository (or any of the parent directories): .git
2025-07-10 15:29:52.878 [info] > git rev-parse --show-toplevel [3ms]
2025-07-10 15:29:52.878 [info] fatal: not a git repository (or any of the parent directories): .git
2025-07-10 15:29:52.890 [info] > git rev-parse --show-toplevel [6ms]
2025-07-10 15:29:52.890 [info] fatal: not a git repository (or any of the parent directories): .git
2025-07-10 15:29:52.898 [info] > git rev-parse --show-toplevel [1ms]
2025-07-10 15:29:52.898 [info] fatal: not a git repository (or any of the parent directories): .git
2025-07-10 15:29:52.906 [info] > git rev-parse --show-toplevel [1ms]
2025-07-10 15:29:52.906 [info] fatal: not a git repository (or any of the parent directories): .git
2025-07-10 15:29:52.913 [info] > git rev-parse --show-toplevel [1ms]
2025-07-10 15:29:52.913 [info] fatal: not a git repository (or any of the parent directories): .git
2025-07-10 15:29:52.919 [info] > git rev-parse --show-toplevel [1ms]
2025-07-10 15:29:52.919 [info] fatal: not a git repository (or any of the parent directories): .git
2025-07-10 15:29:52.925 [info] > git rev-parse --show-toplevel [1ms]
2025-07-10 15:29:52.925 [info] fatal: not a git repository (or any of the parent directories): .git
2025-07-10 15:29:52.932 [info] > git rev-parse --show-toplevel [2ms]
2025-07-10 15:29:52.932 [info] fatal: not a git repository (or any of the parent directories): .git
2025-07-10 15:29:52.937 [info] > git rev-parse --show-toplevel [1ms]
2025-07-10 15:29:52.937 [info] fatal: not a git repository (or any of the parent directories): .git
2025-07-10 15:29:52.942 [info] > git rev-parse --show-toplevel [1ms]
2025-07-10 15:29:52.942 [info] fatal: not a git repository (or any of the parent directories): .git
2025-07-10 15:29:52.947 [info] > git rev-parse --show-toplevel [1ms]
2025-07-10 15:29:52.947 [info] fatal: not a git repository (or any of the parent directories): .git
2025-07-10 15:29:52.952 [info] > git rev-parse --show-toplevel [1ms]
2025-07-10 15:29:52.952 [info] fatal: not a git repository (or any of the parent directories): .git
2025-07-10 15:29:52.956 [info] > git rev-parse --show-toplevel [0ms]
2025-07-10 15:29:52.957 [info] fatal: not a git repository (or any of the parent directories): .git
2025-07-10 15:29:52.961 [info] > git rev-parse --show-toplevel [1ms]
2025-07-10 15:29:52.961 [info] fatal: not a git repository (or any of the parent directories): .git
2025-07-10 15:29:52.965 [info] > git rev-parse --show-toplevel [1ms]
2025-07-10 15:29:52.965 [info] fatal: not a git repository (or any of the parent directories): .git
2025-07-10 15:29:52.970 [info] > git rev-parse --show-toplevel [0ms]
2025-07-10 15:29:52.970 [info] fatal: not a git repository (or any of the parent directories): .git
2025-07-10 15:29:52.975 [info] > git rev-parse --show-toplevel [0ms]
2025-07-10 15:29:52.975 [info] fatal: not a git repository (or any of the parent directories): .git
2025-07-10 15:29:52.980 [info] > git rev-parse --show-toplevel [1ms]
2025-07-10 15:29:52.980 [info] fatal: not a git repository (or any of the parent directories): .git
2025-07-10 15:29:52.986 [info] > git rev-parse --show-toplevel [1ms]
2025-07-10 15:29:52.986 [info] fatal: not a git repository (or any of the parent directories): .git
2025-07-10 15:29:52.991 [info] > git rev-parse --show-toplevel [1ms]
2025-07-10 15:29:52.991 [info] fatal: not a git repository (or any of the parent directories): .git
2025-07-10 15:29:53.032 [info] > git rev-parse --show-toplevel [36ms]
2025-07-10 15:29:53.032 [info] fatal: not a git repository (or any of the parent directories): .git
2025-07-10 15:29:53.038 [info] > git rev-parse --show-toplevel [3ms]
2025-07-10 15:29:53.038 [info] fatal: not a git repository (or any of the parent directories): .git
2025-07-10 15:29:53.045 [info] > git rev-parse --show-toplevel [1ms]
2025-07-10 15:29:53.045 [info] fatal: not a git repository (or any of the parent directories): .git
2025-07-10 15:29:53.049 [info] > git rev-parse --show-toplevel [1ms]
2025-07-10 15:29:53.049 [info] fatal: not a git repository (or any of the parent directories): .git
2025-07-10 15:29:53.053 [info] > git rev-parse --show-toplevel [0ms]
2025-07-10 15:29:53.053 [info] fatal: not a git repository (or any of the parent directories): .git
2025-07-10 15:29:53.058 [info] > git rev-parse --show-toplevel [1ms]
2025-07-10 15:29:53.058 [info] fatal: not a git repository (or any of the parent directories): .git
2025-07-10 15:29:53.059 [info] [Model][doInitialScan] Initial repository scan completed - repositories (0), closed repositories (0), parent repositories (0), unsafe repositories (0)
2025-07-10 15:29:54.295 [info] > git rev-parse --show-toplevel [1ms]
2025-07-10 15:29:54.295 [info] fatal: not a git repository (or any of the parent directories): .git
2025-07-10 15:38:24.838 [info] > git rev-parse --show-toplevel [2ms]
2025-07-10 15:38:24.838 [info] fatal: not a git repository (or any of the parent directories): .git
2025-07-10 15:39:05.605 [info] > git rev-parse --show-toplevel [2ms]
2025-07-10 15:39:05.605 [info] fatal: not a git repository (or any of the parent directories): .git
2025-07-10 15:40:25.823 [info] > git rev-parse --show-toplevel [2ms]
2025-07-10 15:40:25.823 [info] fatal: not a git repository (or any of the parent directories): .git
2025-07-10 15:41:46.263 [info] > git rev-parse --show-toplevel [1ms]
2025-07-10 15:41:46.263 [info] fatal: not a git repository (or any of the parent directories): .git
2025-07-10 15:41:46.999 [info] > git rev-parse --show-toplevel [0ms]
2025-07-10 15:41:46.999 [info] fatal: not a git repository (or any of the parent directories): .git
