[Server(13050) .config/] onInitialize
[Server(13050) .config/] Number of style sheets - 82
[Server(13050) .config/] setupInitialStylemap
[Server(13050) .config/] Document opened: style.css.
[Server(13050) .config/] Document changed: style.css. Invalidating Cache.
[Server(13050) .config/] Document opened: central_control.css.
[Server(13050) .config/] Document changed: central_control.css. Invalidating Cache.
[Server(13050) .config/] Document changed: style.css. Invalidating Cache.
[Server(13050) .config/] Document opened: notifications.css.
[Server(13050) .config/] Document changed: notifications.css. Invalidating Cache.
[Server(13050) .config/] Document changed: style.css. Invalidating Cache.
[Server(13050) .config/] Document changed: style.css. Invalidating Cache.
[Server(13050) .config/] Document changed: style.css. Invalidating Cache.
[Server(13050) .config/] Document changed: style.css. Invalidating Cache.
[Server(13050) .config/] Document changed: style.css. Invalidating Cache.
[Server(13050) .config/] Document changed: style.css. Invalidating Cache.
[Server(13050) .config/] Document changed: style.css. Invalidating Cache.
[Server(13050) .config/] Document changed: style.css. Invalidating Cache.
[Server(13050) .config/] Document changed: style.css. Invalidating Cache.
[Server(13050) .config/] Document changed: central_control.css. Invalidating Cache.
[Server(13050) .config/] Document changed: central_control.css. Invalidating Cache.
[Server(13050) .config/] Document changed: central_control.css. Invalidating Cache.
[Server(13050) .config/] Document opened: waybar-colors.css.
[Server(13050) .config/] Document changed: waybar-colors.css. Invalidating Cache.
[Server(13050) .config/] Document changed: waybar-colors.css. Invalidating Cache.
[Server(13050) .config/] Document changed: waybar-colors.css. Invalidating Cache.
[Server(13050) .config/] Document changed: waybar-colors.css. Invalidating Cache.
[Server(13050) .config/] Document changed: waybar-colors.css. Invalidating Cache.
[Server(13050) .config/] Document changed: central_control.css. Invalidating Cache.
[Server(13050) .config/] Document changed: central_control.css. Invalidating Cache.
[Server(13050) .config/] Document changed: central_control.css. Invalidating Cache.
[Server(13050) .config/] Document changed: central_control.css. Invalidating Cache.
[Server(13050) .config/] Document changed: central_control.css. Invalidating Cache.
[Server(13050) .config/] Document changed: central_control.css. Invalidating Cache.
[Server(13050) .config/] Document changed: central_control.css. Invalidating Cache.
[Server(13050) .config/] Document changed: central_control.css. Invalidating Cache.
[Server(13050) .config/] Document changed: central_control.css. Invalidating Cache.
[Server(13050) .config/] Document changed: central_control.css. Invalidating Cache.
[Server(13050) .config/] Document changed: central_control.css. Invalidating Cache.
[Server(13050) .config/] Document changed: central_control.css. Invalidating Cache.
[Server(13050) .config/] Document changed: waybar-colors.css. Invalidating Cache.
[Server(13050) .config/] Document changed: waybar-colors.css. Invalidating Cache.
[Server(13050) .config/] Document changed: waybar-colors.css. Invalidating Cache.
[Server(13050) .config/] Document changed: waybar-colors.css. Invalidating Cache.
[Server(13050) .config/] Document changed: waybar-colors.css. Invalidating Cache.
[Server(13050) .config/] Document changed: waybar-colors.css. Invalidating Cache.
[Server(13050) .config/] Document changed: waybar-colors.css. Invalidating Cache.
[Server(13050) .config/] Document changed: waybar-colors.css. Invalidating Cache.
[Server(13050) .config/] Document changed: waybar-colors.css. Invalidating Cache.
[Server(13050) .config/] Document changed: waybar-colors.css. Invalidating Cache.
[Server(13050) .config/] Document changed: waybar-colors.css. Invalidating Cache.
[Server(13050) .config/] Document changed: waybar-colors.css. Invalidating Cache.
[Server(13050) .config/] Document changed: waybar-colors.css. Invalidating Cache.
[Server(13050) .config/] Document changed: waybar-colors.css. Invalidating Cache.
[Server(13050) .config/] Document changed: waybar-colors.css. Invalidating Cache.
[Server(13050) .config/] Document changed: waybar-colors.css. Invalidating Cache.
[Server(13050) .config/] Document changed: waybar-colors.css. Invalidating Cache.
[Server(13050) .config/] Document changed: waybar-colors.css. Invalidating Cache.
