2025-07-10 15:44:22.075 [info] [main] Log level: Info
2025-07-10 15:44:22.075 [info] [main] Validating found git in: "git"
2025-07-10 15:44:22.075 [info] [main] Using git "2.50.1" from "git"
2025-07-10 15:44:22.075 [info] [Model][doInitialScan] Initial repository scan started
2025-07-10 15:44:22.075 [info] > git rev-parse --show-toplevel [44ms]
2025-07-10 15:44:22.075 [info] fatal: not a git repository (or any of the parent directories): .git
2025-07-10 15:44:22.075 [info] > git rev-parse --show-toplevel [25ms]
2025-07-10 15:44:22.075 [info] fatal: not a git repository (or any of the parent directories): .git
2025-07-10 15:44:22.076 [info] > git rev-parse --show-toplevel [110ms]
2025-07-10 15:44:22.076 [info] fatal: not a git repository (or any of the parent directories): .git
2025-07-10 15:44:22.132 [info] > git rev-parse --show-toplevel [7ms]
2025-07-10 15:44:22.132 [info] fatal: not a git repository (or any of the parent directories): .git
2025-07-10 15:44:22.165 [info] > git rev-parse --show-toplevel [27ms]
2025-07-10 15:44:22.165 [info] fatal: not a git repository (or any of the parent directories): .git
2025-07-10 15:44:22.187 [info] > git rev-parse --show-toplevel [3ms]
2025-07-10 15:44:22.187 [info] fatal: not a git repository (or any of the parent directories): .git
2025-07-10 15:44:22.195 [info] > git rev-parse --show-toplevel [0ms]
2025-07-10 15:44:22.196 [info] fatal: not a git repository (or any of the parent directories): .git
2025-07-10 15:44:22.203 [info] > git rev-parse --show-toplevel [1ms]
2025-07-10 15:44:22.203 [info] fatal: not a git repository (or any of the parent directories): .git
2025-07-10 15:44:22.208 [info] > git rev-parse --show-toplevel [1ms]
2025-07-10 15:44:22.208 [info] fatal: not a git repository (or any of the parent directories): .git
2025-07-10 15:44:22.213 [info] > git rev-parse --show-toplevel [1ms]
2025-07-10 15:44:22.213 [info] fatal: not a git repository (or any of the parent directories): .git
2025-07-10 15:44:22.219 [info] > git rev-parse --show-toplevel [2ms]
2025-07-10 15:44:22.219 [info] fatal: not a git repository (or any of the parent directories): .git
2025-07-10 15:44:22.224 [info] > git rev-parse --show-toplevel [1ms]
2025-07-10 15:44:22.224 [info] fatal: not a git repository (or any of the parent directories): .git
2025-07-10 15:44:22.228 [info] > git rev-parse --show-toplevel [1ms]
2025-07-10 15:44:22.228 [info] fatal: not a git repository (or any of the parent directories): .git
2025-07-10 15:44:22.233 [info] > git rev-parse --show-toplevel [1ms]
2025-07-10 15:44:22.233 [info] fatal: not a git repository (or any of the parent directories): .git
2025-07-10 15:44:22.238 [info] > git rev-parse --show-toplevel [1ms]
2025-07-10 15:44:22.238 [info] fatal: not a git repository (or any of the parent directories): .git
2025-07-10 15:44:22.242 [info] > git rev-parse --show-toplevel [1ms]
2025-07-10 15:44:22.242 [info] fatal: not a git repository (or any of the parent directories): .git
2025-07-10 15:44:22.246 [info] > git rev-parse --show-toplevel [1ms]
2025-07-10 15:44:22.246 [info] fatal: not a git repository (or any of the parent directories): .git
2025-07-10 15:44:22.251 [info] > git rev-parse --show-toplevel [1ms]
2025-07-10 15:44:22.251 [info] fatal: not a git repository (or any of the parent directories): .git
2025-07-10 15:44:22.255 [info] > git rev-parse --show-toplevel [0ms]
2025-07-10 15:44:22.256 [info] fatal: not a git repository (or any of the parent directories): .git
2025-07-10 15:44:22.285 [info] > git rev-parse --show-toplevel [26ms]
2025-07-10 15:44:22.285 [info] fatal: not a git repository (or any of the parent directories): .git
2025-07-10 15:44:22.290 [info] > git rev-parse --show-toplevel [1ms]
2025-07-10 15:44:22.290 [info] fatal: not a git repository (or any of the parent directories): .git
2025-07-10 15:44:22.295 [info] > git rev-parse --show-toplevel [0ms]
2025-07-10 15:44:22.295 [info] fatal: not a git repository (or any of the parent directories): .git
2025-07-10 15:44:22.299 [info] > git rev-parse --show-toplevel [0ms]
2025-07-10 15:44:22.299 [info] fatal: not a git repository (or any of the parent directories): .git
2025-07-10 15:44:22.305 [info] > git rev-parse --show-toplevel [1ms]
2025-07-10 15:44:22.305 [info] fatal: not a git repository (or any of the parent directories): .git
2025-07-10 15:44:22.320 [info] > git rev-parse --show-toplevel [10ms]
2025-07-10 15:44:22.320 [info] fatal: not a git repository (or any of the parent directories): .git
2025-07-10 15:44:22.332 [info] > git rev-parse --show-toplevel [6ms]
2025-07-10 15:44:22.332 [info] fatal: not a git repository (or any of the parent directories): .git
2025-07-10 15:44:22.339 [info] > git rev-parse --show-toplevel [1ms]
2025-07-10 15:44:22.339 [info] fatal: not a git repository (or any of the parent directories): .git
2025-07-10 15:44:22.346 [info] > git rev-parse --show-toplevel [2ms]
2025-07-10 15:44:22.346 [info] fatal: not a git repository (or any of the parent directories): .git
2025-07-10 15:44:22.351 [info] > git rev-parse --show-toplevel [1ms]
2025-07-10 15:44:22.351 [info] fatal: not a git repository (or any of the parent directories): .git
2025-07-10 15:44:22.353 [info] [Model][doInitialScan] Initial repository scan completed - repositories (0), closed repositories (0), parent repositories (0), unsafe repositories (0)
2025-07-10 15:44:23.518 [info] > git rev-parse --show-toplevel [1ms]
2025-07-10 15:44:23.518 [info] fatal: not a git repository (or any of the parent directories): .git
