2025-07-11 16:26:01.254 [info] Extension host with pid 1187 started
2025-07-11 16:26:01.254 [info] Skipping acquiring lock for /home/traktor/.config/Code/User/workspaceStorage/0c9da87224f316c77a3c50b9f3f35e77.
2025-07-11 16:26:01.375 [info] ExtensionService#_doActivateExtension vscode.github-authentication, startup: false, activationEvent: 'onAuthenticationRequest:github'
2025-07-11 16:26:01.396 [info] ExtensionService#_doActivateExtension vscode.emmet, startup: false, activationEvent: 'onLanguage'
2025-07-11 16:26:01.486 [info] ExtensionService#_doActivateExtension vscode.git-base, startup: true, activationEvent: '*', root cause: vscode.git
2025-07-11 16:26:01.530 [info] ExtensionService#_doActivateExtension vscode.git, startup: true, activationEvent: '*'
2025-07-11 16:26:01.575 [info] ExtensionService#_doActivateExtension vscode.github, startup: true, activationEvent: '*'
2025-07-11 16:26:01.596 [info] ExtensionService#_doActivateExtension pranaygp.vscode-css-peek, startup: true, activationEvent: 'workspaceContains:**/*.css,**/*.scss,**/*.sass,**/*.less'
2025-07-11 16:26:01.752 [info] ExtensionService#_doActivateExtension vscode.configuration-editing, startup: false, activationEvent: 'onLanguage:jsonc'
2025-07-11 16:26:01.760 [info] ExtensionService#_doActivateExtension vscode.json-language-features, startup: false, activationEvent: 'onLanguage:jsonc'
2025-07-11 16:26:01.799 [info] ExtensionService#_doActivateExtension vscode.typescript-language-features, startup: false, activationEvent: 'onLanguage:jsonc'
2025-07-11 16:26:01.899 [info] Eager extensions activated
2025-07-11 16:26:01.908 [info] ExtensionService#_doActivateExtension vscode.debug-auto-launch, startup: false, activationEvent: 'onStartupFinished'
2025-07-11 16:26:01.911 [info] ExtensionService#_doActivateExtension vscode.merge-conflict, startup: false, activationEvent: 'onStartupFinished'
2025-07-11 16:37:49.628 [warning] [Decorations] CAPPING events from decorations provider vscode.git 3236
2025-07-11 16:37:49.671 [warning] [Decorations] CAPPING events from decorations provider vscode.git 3236
2025-07-11 16:37:51.842 [warning] [Decorations] CAPPING events from decorations provider vscode.git 3236
2025-07-11 16:37:56.874 [warning] [Decorations] CAPPING events from decorations provider vscode.git 3236
2025-07-11 16:38:01.906 [warning] [Decorations] CAPPING events from decorations provider vscode.git 3236
2025-07-11 16:38:06.937 [warning] [Decorations] CAPPING events from decorations provider vscode.git 3236
2025-07-11 16:38:11.970 [warning] [Decorations] CAPPING events from decorations provider vscode.git 3236
2025-07-11 16:38:17.004 [warning] [Decorations] CAPPING events from decorations provider vscode.git 3236
