2025-07-10 16:13:39.942 [info] [main] Log level: Info
2025-07-10 16:13:39.942 [info] [main] Validating found git in: "git"
2025-07-10 16:13:39.942 [info] [main] Using git "2.50.1" from "git"
2025-07-10 16:13:39.942 [info] [Model][doInitialScan] Initial repository scan started
2025-07-10 16:13:39.942 [info] > git rev-parse --show-toplevel [45ms]
2025-07-10 16:13:39.942 [info] fatal: not a git repository (or any of the parent directories): .git
2025-07-10 16:13:39.942 [info] > git rev-parse --show-toplevel [31ms]
2025-07-10 16:13:39.942 [info] fatal: not a git repository (or any of the parent directories): .git
2025-07-10 16:13:40.045 [info] > git rev-parse --show-toplevel [104ms]
2025-07-10 16:13:40.045 [info] fatal: not a git repository (or any of the parent directories): .git
2025-07-10 16:13:40.096 [info] > git rev-parse --show-toplevel [2ms]
2025-07-10 16:13:40.097 [info] fatal: not a git repository (or any of the parent directories): .git
2025-07-10 16:13:40.128 [info] > git rev-parse --show-toplevel [28ms]
2025-07-10 16:13:40.128 [info] fatal: not a git repository (or any of the parent directories): .git
2025-07-10 16:13:40.136 [info] > git rev-parse --show-toplevel [2ms]
2025-07-10 16:13:40.136 [info] fatal: not a git repository (or any of the parent directories): .git
2025-07-10 16:13:40.142 [info] > git rev-parse --show-toplevel [1ms]
2025-07-10 16:13:40.142 [info] fatal: not a git repository (or any of the parent directories): .git
2025-07-10 16:13:40.148 [info] > git rev-parse --show-toplevel [1ms]
2025-07-10 16:13:40.148 [info] fatal: not a git repository (or any of the parent directories): .git
2025-07-10 16:13:40.154 [info] > git rev-parse --show-toplevel [1ms]
2025-07-10 16:13:40.154 [info] fatal: not a git repository (or any of the parent directories): .git
2025-07-10 16:13:40.161 [info] > git rev-parse --show-toplevel [1ms]
2025-07-10 16:13:40.161 [info] fatal: not a git repository (or any of the parent directories): .git
2025-07-10 16:13:40.167 [info] > git rev-parse --show-toplevel [1ms]
2025-07-10 16:13:40.167 [info] fatal: not a git repository (or any of the parent directories): .git
2025-07-10 16:13:40.174 [info] > git rev-parse --show-toplevel [1ms]
2025-07-10 16:13:40.174 [info] fatal: not a git repository (or any of the parent directories): .git
2025-07-10 16:13:40.180 [info] > git rev-parse --show-toplevel [2ms]
2025-07-10 16:13:40.180 [info] fatal: not a git repository (or any of the parent directories): .git
2025-07-10 16:13:40.186 [info] > git rev-parse --show-toplevel [1ms]
2025-07-10 16:13:40.186 [info] fatal: not a git repository (or any of the parent directories): .git
2025-07-10 16:13:40.191 [info] > git rev-parse --show-toplevel [1ms]
2025-07-10 16:13:40.191 [info] fatal: not a git repository (or any of the parent directories): .git
2025-07-10 16:13:40.197 [info] > git rev-parse --show-toplevel [1ms]
2025-07-10 16:13:40.197 [info] fatal: not a git repository (or any of the parent directories): .git
2025-07-10 16:13:40.202 [info] > git rev-parse --show-toplevel [0ms]
2025-07-10 16:13:40.203 [info] fatal: not a git repository (or any of the parent directories): .git
2025-07-10 16:13:40.207 [info] > git rev-parse --show-toplevel [1ms]
2025-07-10 16:13:40.208 [info] fatal: not a git repository (or any of the parent directories): .git
2025-07-10 16:13:40.213 [info] > git rev-parse --show-toplevel [0ms]
2025-07-10 16:13:40.213 [info] fatal: not a git repository (or any of the parent directories): .git
2025-07-10 16:13:40.218 [info] > git rev-parse --show-toplevel [1ms]
2025-07-10 16:13:40.218 [info] fatal: not a git repository (or any of the parent directories): .git
2025-07-10 16:13:40.222 [info] > git rev-parse --show-toplevel [1ms]
2025-07-10 16:13:40.222 [info] fatal: not a git repository (or any of the parent directories): .git
2025-07-10 16:13:40.262 [info] > git rev-parse --show-toplevel [36ms]
2025-07-10 16:13:40.262 [info] fatal: not a git repository (or any of the parent directories): .git
2025-07-10 16:13:40.270 [info] > git rev-parse --show-toplevel [3ms]
2025-07-10 16:13:40.270 [info] fatal: not a git repository (or any of the parent directories): .git
2025-07-10 16:13:40.278 [info] > git rev-parse --show-toplevel [1ms]
2025-07-10 16:13:40.278 [info] fatal: not a git repository (or any of the parent directories): .git
2025-07-10 16:13:40.282 [info] > git rev-parse --show-toplevel [1ms]
2025-07-10 16:13:40.282 [info] fatal: not a git repository (or any of the parent directories): .git
2025-07-10 16:13:40.287 [info] > git rev-parse --show-toplevel [1ms]
2025-07-10 16:13:40.287 [info] fatal: not a git repository (or any of the parent directories): .git
2025-07-10 16:13:40.292 [info] > git rev-parse --show-toplevel [1ms]
2025-07-10 16:13:40.292 [info] fatal: not a git repository (or any of the parent directories): .git
2025-07-10 16:13:40.296 [info] > git rev-parse --show-toplevel [1ms]
2025-07-10 16:13:40.296 [info] fatal: not a git repository (or any of the parent directories): .git
2025-07-10 16:13:40.301 [info] > git rev-parse --show-toplevel [1ms]
2025-07-10 16:13:40.301 [info] fatal: not a git repository (or any of the parent directories): .git
2025-07-10 16:13:40.302 [info] [Model][doInitialScan] Initial repository scan completed - repositories (0), closed repositories (0), parent repositories (0), unsafe repositories (0)
2025-07-10 16:13:41.516 [info] > git rev-parse --show-toplevel [3ms]
2025-07-10 16:13:41.516 [info] fatal: not a git repository (or any of the parent directories): .git
2025-07-10 16:14:07.770 [info] > git rev-parse --show-toplevel [1ms]
2025-07-10 16:14:07.770 [info] fatal: not a git repository (or any of the parent directories): .git
2025-07-10 16:14:51.607 [info] > git rev-parse --show-toplevel [2ms]
2025-07-10 16:14:51.607 [info] fatal: not a git repository (or any of the parent directories): .git
2025-07-10 16:15:13.451 [info] > git rev-parse --show-toplevel [1ms]
2025-07-10 16:15:13.451 [info] fatal: not a git repository (or any of the parent directories): .git
2025-07-10 16:15:27.758 [info] > git rev-parse --show-toplevel [1ms]
2025-07-10 16:15:27.758 [info] fatal: not a git repository (or any of the parent directories): .git
2025-07-10 16:15:58.183 [info] > git rev-parse --show-toplevel [2ms]
2025-07-10 16:15:58.183 [info] fatal: not a git repository (or any of the parent directories): .git
2025-07-10 16:16:05.823 [info] > git rev-parse --show-toplevel [1ms]
2025-07-10 16:16:05.823 [info] fatal: not a git repository (or any of the parent directories): .git
2025-07-10 16:17:38.440 [info] > git rev-parse --show-toplevel [1ms]
2025-07-10 16:17:38.440 [info] fatal: not a git repository (or any of the parent directories): .git
2025-07-10 16:17:56.589 [info] > git rev-parse --show-toplevel [1ms]
2025-07-10 16:17:56.589 [info] fatal: not a git repository (or any of the parent directories): .git
2025-07-10 16:18:00.788 [info] > git rev-parse --show-toplevel [1ms]
2025-07-10 16:18:00.788 [info] fatal: not a git repository (or any of the parent directories): .git
2025-07-10 16:18:02.193 [info] > git rev-parse --show-toplevel [1ms]
2025-07-10 16:18:02.193 [info] fatal: not a git repository (or any of the parent directories): .git
2025-07-10 16:18:04.693 [info] > git rev-parse --show-toplevel [1ms]
2025-07-10 16:18:04.693 [info] fatal: not a git repository (or any of the parent directories): .git
2025-07-10 16:18:11.598 [info] > git rev-parse --show-toplevel [2ms]
2025-07-10 16:18:11.598 [info] fatal: not a git repository (or any of the parent directories): .git
2025-07-10 16:18:16.895 [info] > git rev-parse --show-toplevel [1ms]
2025-07-10 16:18:16.895 [info] fatal: not a git repository (or any of the parent directories): .git
2025-07-10 16:19:23.302 [info] > git rev-parse --show-toplevel [1ms]
2025-07-10 16:19:23.302 [info] fatal: not a git repository (or any of the parent directories): .git
2025-07-10 16:19:43.995 [info] > git rev-parse --show-toplevel [1ms]
2025-07-10 16:19:43.995 [info] fatal: not a git repository (or any of the parent directories): .git
2025-07-11 16:14:20.076 [info] > git rev-parse --show-toplevel [1ms]
2025-07-11 16:14:20.076 [info] fatal: not a git repository (or any of the parent directories): .git
2025-07-11 16:15:25.831 [info] > git rev-parse --show-toplevel [1ms]
2025-07-11 16:15:25.831 [info] fatal: not a git repository (or any of the parent directories): .git
2025-07-11 16:16:25.197 [info] > git rev-parse --show-toplevel [1ms]
2025-07-11 16:16:25.197 [info] fatal: not a git repository (or any of the parent directories): .git
2025-07-11 16:16:27.600 [info] > git rev-parse --show-toplevel [1ms]
2025-07-11 16:16:27.600 [info] fatal: not a git repository (or any of the parent directories): .git
2025-07-11 16:17:04.925 [info] > git rev-parse --show-toplevel [1ms]
2025-07-11 16:17:04.925 [info] fatal: not a git repository (or any of the parent directories): .git
2025-07-11 16:18:02.334 [info] > git rev-parse --show-toplevel [1ms]
2025-07-11 16:18:02.334 [info] fatal: not a git repository (or any of the parent directories): .git
2025-07-11 16:19:07.402 [info] > git rev-parse --show-toplevel [1ms]
2025-07-11 16:19:07.402 [info] fatal: not a git repository (or any of the parent directories): .git
2025-07-11 16:20:03.043 [info] > git rev-parse --show-toplevel [1ms]
2025-07-11 16:20:03.043 [info] fatal: not a git repository (or any of the parent directories): .git
2025-07-11 16:20:10.871 [info] > git rev-parse --show-toplevel [1ms]
2025-07-11 16:20:10.871 [info] fatal: not a git repository (or any of the parent directories): .git
2025-07-11 16:20:28.730 [info] > git rev-parse --show-toplevel [1ms]
2025-07-11 16:20:28.730 [info] fatal: not a git repository (or any of the parent directories): .git
2025-07-11 16:20:33.413 [info] > git rev-parse --show-toplevel [0ms]
2025-07-11 16:20:33.413 [info] fatal: not a git repository (or any of the parent directories): .git
2025-07-11 16:20:43.911 [info] > git rev-parse --show-toplevel [1ms]
2025-07-11 16:20:43.911 [info] fatal: not a git repository (or any of the parent directories): .git
2025-07-11 16:20:44.913 [info] > git rev-parse --show-toplevel [2ms]
2025-07-11 16:20:44.913 [info] fatal: not a git repository (or any of the parent directories): .git
2025-07-11 16:20:47.681 [info] > git rev-parse --show-toplevel [2ms]
2025-07-11 16:20:47.681 [info] fatal: not a git repository (or any of the parent directories): .git
2025-07-11 16:20:52.604 [info] > git rev-parse --show-toplevel [1ms]
2025-07-11 16:20:52.604 [info] fatal: not a git repository (or any of the parent directories): .git
2025-07-11 16:24:12.703 [info] > git rev-parse --show-toplevel [1ms]
2025-07-11 16:24:12.703 [info] fatal: not a git repository (or any of the parent directories): .git
2025-07-11 16:24:22.298 [info] > git rev-parse --show-toplevel [1ms]
2025-07-11 16:24:22.298 [info] fatal: not a git repository (or any of the parent directories): .git
